#
# There is insufficient memory for the Java Runtime Environment to continue.
# Native memory allocation (mmap) failed to map 132120576 bytes for Failed to commit area from 0x0000000082800000 to 0x000000008a600000 of length 132120576.
# Possible reasons:
#   The system is out of physical RAM or swap space
#   The process is running with CompressedOops enabled, and the Java Heap may be blocking the growth of the native heap
# Possible solutions:
#   Reduce memory load on the system
#   Increase physical memory or swap space
#   Check if swap backing store is full
#   Decrease Java heap size (-Xmx/-Xms)
#   Decrease number of Java threads
#   Decrease Java thread stack sizes (-Xss)
#   Set larger code cache with -XX:ReservedCodeCacheSize=
# This output file may be truncated or incomplete.
#
#  Out of Memory Error (c:/BuildAgent/work/1eae4dac1d648407/src/hotspot/os/windows/os_windows.cpp:3296), pid=9392, tid=7304
#
# JRE version:  (11.0.6+8) (build )
# Java VM: OpenJDK 64-Bit Server VM (11.0.6+8-b765.40, mixed mode, sharing, tiered, compressed oops, g1 gc, windows-amd64)
# No core dump will be written. Minidumps are not enabled by default on client versions of Windows
#

---------------  S U M M A R Y ------------

Command Line: org.jetbrains.git4idea.http.GitAskPassApp Username for 'https://github.com': 

Host: Intel(R) Core(TM) i5-6200U CPU @ 2.30GHz, 4 cores, 7G,  Windows 10 , 64 bit Build 18362 (10.0.18362.959)
Time: Thu Jul 23 22:44:00 2020 GMT Summer Time elapsed time: 0 seconds (0d 0h 0m 0s)

---------------  T H R E A D  ---------------

Current thread (0x0000019e2b5af000):  JavaThread "Unknown thread" [_thread_in_vm, id=7304, stack(0x00000086afd00000,0x00000086afe00000)]

Stack: [0x00000086afd00000,0x00000086afe00000]
Native frames: (J=compiled Java code, j=interpreted, Vv=VM code, C=native code)
V  [jvm.dll+0x5ddf9a]
V  [jvm.dll+0x710ae5]
V  [jvm.dll+0x712005]
V  [jvm.dll+0x7126b3]
V  [jvm.dll+0x23e718]
V  [jvm.dll+0x5db444]
V  [jvm.dll+0x5d0675]
V  [jvm.dll+0x2faf1b]
V  [jvm.dll+0x2fae8a]
V  [jvm.dll+0x2fad62]
V  [jvm.dll+0x2ffc36]
V  [jvm.dll+0x3484e3]
V  [jvm.dll+0x348be6]
V  [jvm.dll+0x3485e3]
V  [jvm.dll+0x2d5938]
V  [jvm.dll+0x2d6ad7]
V  [jvm.dll+0x6ef8a7]
V  [jvm.dll+0x6f109c]
V  [jvm.dll+0x355b29]
V  [jvm.dll+0x6d4a7e]
V  [jvm.dll+0x3bf053]
V  [jvm.dll+0x3c15d1]
C  [jli.dll+0x5363]
C  [ucrtbase.dll+0x20e82]
C  [KERNEL32.DLL+0x17bd4]
C  [ntdll.dll+0x6ce51]


---------------  P R O C E S S  ---------------

Threads class SMR info:
_java_thread_list=0x0000019e2b3a6950, length=0, elements={
}

Java Threads: ( => current thread )

Other Threads:
  0x0000019e2b5ca800 GCTaskThread "GC Thread#0" [stack: 0x00000086afe00000,0x00000086aff00000] [id=12516]
  0x0000019e2b5fb000 ConcurrentGCThread "G1 Main Marker" [stack: 0x00000086aff00000,0x00000086b0000000] [id=14596]
  0x0000019e2b5fd800 ConcurrentGCThread "G1 Conc#0" [stack: 0x00000086b0000000,0x00000086b0100000] [id=15956]

[error occurred during error reporting (printing all threads), id 0xc0000005, EXCEPTION_ACCESS_VIOLATION (0xc0000005) at pc=0x00007ffb98506047]

VM state:not at safepoint (not fully initialized)

VM Mutex/Monitor currently owned by a thread:  ([mutex/lock_event])
[0x0000019e2b5ac570] Heap_lock - owner thread: 0x0000019e2b5af000

Heap address: 0x0000000082800000, size: 2008 MB, Compressed Oops mode: Non-zero based: 0x0000000082800000
Narrow klass base: 0x0000000000000000, Narrow klass shift: 0

GC Heap History (0 events):
No events

Deoptimization events (0 events):
No events

Classes redefined (0 events):
No events

Internal exceptions (0 events):
No events

Events (2 events):
Event: 0.130 Loaded shared library C:\Users\athavan\AppData\Local\JetBrains\PyCharm 2020.1.1\jbr\bin\zip.dll
Event: 0.142 Loaded shared library C:\Users\athavan\AppData\Local\JetBrains\PyCharm 2020.1.1\jbr\bin\jimage.dll


Dynamic libraries:
0x00007ff640bd0000 - 0x00007ff640bda000 	C:\Users\athavan\AppData\Local\JetBrains\PyCharm 2020.1.1\jbr\bin\java.exe
0x00007ffbe4ac0000 - 0x00007ffbe4cb0000 	C:\WINDOWS\SYSTEM32\ntdll.dll
0x00007ffbe4480000 - 0x00007ffbe4532000 	C:\WINDOWS\System32\KERNEL32.DLL
0x00007ffbe1cd0000 - 0x00007ffbe1f74000 	C:\WINDOWS\System32\KERNELBASE.dll
0x00007ffbe1b80000 - 0x00007ffbe1c7a000 	C:\WINDOWS\System32\ucrtbase.dll
0x00007ffbd74c0000 - 0x00007ffbd74d9000 	C:\Users\athavan\AppData\Local\JetBrains\PyCharm 2020.1.1\jbr\bin\jli.dll
0x00007ffbe42e0000 - 0x00007ffbe4474000 	C:\WINDOWS\System32\USER32.dll
0x00007ffbe2240000 - 0x00007ffbe2261000 	C:\WINDOWS\System32\win32u.dll
0x00007ffbe4540000 - 0x00007ffbe4566000 	C:\WINDOWS\System32\GDI32.dll
0x00007ffbe1f80000 - 0x00007ffbe2116000 	C:\WINDOWS\System32\gdi32full.dll
0x00007ffbe21a0000 - 0x00007ffbe223e000 	C:\WINDOWS\System32\msvcp_win.dll
0x00007ffbd96c0000 - 0x00007ffbd9944000 	C:\WINDOWS\WinSxS\amd64_microsoft.windows.common-controls_6595b64144ccf1df_6.0.18362.959_none_e6c7bbbf130c62bb\COMCTL32.dll
0x00007ffbe2bf0000 - 0x00007ffbe2c8e000 	C:\WINDOWS\System32\msvcrt.dll
0x00007ffbe2cb0000 - 0x00007ffbe2fe5000 	C:\WINDOWS\System32\combase.dll
0x00007ffbe3420000 - 0x00007ffbe3540000 	C:\WINDOWS\System32\RPCRT4.dll
0x00007ffbe2120000 - 0x00007ffbe21a0000 	C:\WINDOWS\System32\bcryptPrimitives.dll
0x00007ffbd72f0000 - 0x00007ffbd7307000 	C:\Users\athavan\AppData\Local\JetBrains\PyCharm 2020.1.1\jbr\bin\VCRUNTIME140.dll
0x00007ffbe4150000 - 0x00007ffbe417e000 	C:\WINDOWS\System32\IMM32.DLL
0x00007ffbbf030000 - 0x00007ffbbf0cd000 	C:\Users\athavan\AppData\Local\JetBrains\PyCharm 2020.1.1\jbr\bin\msvcp140.dll
0x00007ffb98220000 - 0x00007ffb98cdd000 	C:\Users\athavan\AppData\Local\JetBrains\PyCharm 2020.1.1\jbr\bin\server\jvm.dll
0x00007ffbe3200000 - 0x00007ffbe32a3000 	C:\WINDOWS\System32\ADVAPI32.dll
0x00007ffbe49e0000 - 0x00007ffbe4a77000 	C:\WINDOWS\System32\sechost.dll
0x00007ffbe2ff0000 - 0x00007ffbe2ff8000 	C:\WINDOWS\System32\PSAPI.DLL
0x00007ffbe0870000 - 0x00007ffbe0879000 	C:\WINDOWS\SYSTEM32\WSOCK32.dll
0x00007ffbde7a0000 - 0x00007ffbde7c4000 	C:\WINDOWS\SYSTEM32\WINMM.dll
0x00007ffbdac50000 - 0x00007ffbdac5a000 	C:\WINDOWS\SYSTEM32\VERSION.dll
0x00007ffbde770000 - 0x00007ffbde79d000 	C:\WINDOWS\SYSTEM32\WINMMBASE.dll
0x00007ffbe1c80000 - 0x00007ffbe1cca000 	C:\WINDOWS\System32\cfgmgr32.dll
0x00007ffbe3d70000 - 0x00007ffbe3ddf000 	C:\WINDOWS\System32\WS2_32.dll
0x00007ffbe19a0000 - 0x00007ffbe19b1000 	C:\WINDOWS\System32\kernel.appcore.dll
0x00007ffbdabb0000 - 0x00007ffbdabc1000 	C:\Users\athavan\AppData\Local\JetBrains\PyCharm 2020.1.1\jbr\bin\verify.dll
0x00007ffbe04e0000 - 0x00007ffbe06d4000 	C:\WINDOWS\SYSTEM32\DBGHELP.DLL
0x00007ffbd5870000 - 0x00007ffbd589a000 	C:\WINDOWS\SYSTEM32\dbgcore.DLL
0x00007ffbdaab0000 - 0x00007ffbdaad9000 	C:\Users\athavan\AppData\Local\JetBrains\PyCharm 2020.1.1\jbr\bin\java.dll
0x00007ffbd9c50000 - 0x00007ffbd9c68000 	C:\Users\athavan\AppData\Local\JetBrains\PyCharm 2020.1.1\jbr\bin\zip.dll
0x00007ffbdab60000 - 0x00007ffbdab6b000 	C:\Users\athavan\AppData\Local\JetBrains\PyCharm 2020.1.1\jbr\bin\jimage.dll

dbghelp: loaded successfully - version: 4.0.5 - missing functions: none
symbol engine: initialized successfully - sym options: 0x614 - pdb path: .;C:\Users\athavan\AppData\Local\JetBrains\PyCharm 2020.1.1\jbr\bin;C:\WINDOWS\SYSTEM32;C:\WINDOWS\WinSxS\amd64_microsoft.windows.common-controls_6595b64144ccf1df_6.0.18362.959_none_e6c7bbbf130c62bb;C:\Users\athavan\AppData\Local\JetBrains\PyCharm 2020.1.1\jbr\bin\server

VM Arguments:
java_command: org.jetbrains.git4idea.http.GitAskPassApp Username for 'https://github.com': 
java_class_path (initial): C:/Users/athavan/AppData/Local/JetBrains/PyCharm 2020.1.1/plugins/git4idea/lib/git4idea-rt.jar;C:/Users/athavan/AppData/Local/JetBrains/PyCharm 2020.1.1/lib/xmlrpc-2.0.1.jar;C:/Users/athavan/AppData/Local/JetBrains/PyCharm 2020.1.1/lib/commons-codec-1.14.jar;C:/Users/athavan/AppData/Local/JetBrains/PyCharm 2020.1.1/lib/util.jar
Launcher Type: SUN_STANDARD

[Global flags]
     intx CICompilerCount                          = 3                                         {product} {ergonomic}
     uint ConcGCThreads                            = 1                                         {product} {ergonomic}
     uint G1ConcRefinementThreads                  = 4                                         {product} {ergonomic}
   size_t G1HeapRegionSize                         = 1048576                                   {product} {ergonomic}
    uintx GCDrainStackTargetSize                   = 64                                        {product} {ergonomic}
   size_t InitialHeapSize                          = 132120576                                 {product} {ergonomic}
   size_t MarkStackSize                            = 4194304                                   {product} {ergonomic}
   size_t MaxHeapSize                              = 2105540608                                {product} {ergonomic}
   size_t MinHeapDeltaBytes                        = 1048576                                   {product} {ergonomic}
    uintx NonNMethodCodeHeapSize                   = 5830732                                {pd product} {ergonomic}
    uintx NonProfiledCodeHeapSize                  = 122913754                              {pd product} {ergonomic}
    uintx ProfiledCodeHeapSize                     = 122913754                              {pd product} {ergonomic}
    uintx ReservedCodeCacheSize                    = 251658240                              {pd product} {ergonomic}
     bool SegmentedCodeCache                       = true                                      {product} {ergonomic}
     bool UseCompressedClassPointers               = true                                 {lp64_product} {ergonomic}
     bool UseCompressedOops                        = true                                 {lp64_product} {ergonomic}
     bool UseG1GC                                  = true                                      {product} {ergonomic}
     bool UseLargePagesIndividualAllocation        = false                                  {pd product} {ergonomic}

Logging:
Log output configuration:
 #0: stdout all=warning uptime,level,tags
 #1: stderr all=off uptime,level,tags

Environment Variables:
PATH=C:\Program Files\Git\mingw64\libexec\git-core;C:\Program Files\Git\mingw64\libexec\git-core;C:\Program Files\Git\mingw64\bin;C:\Program Files\Git\usr\bin;C:\Users\athavan\bin;C:\Program Files\Microsoft MPI\Bin;C:\Program Files (x86)\Common Files\Oracle\Java\javapath;C:\ProgramData\Oracle\Java\javapath;C:\Program Files (x86)\Intel\iCLS Client;C:\Program Files\Intel\iCLS Client;C:\WINDOWS\system32;C:\WINDOWS;C:\WINDOWS\System32\Wbem;C:\WINDOWS\System32\WindowsPowerShell\v1.0;C:\Program Files (x86)\Intel\Intel(R) Management Engine Components\DAL;C:\Program Files\Intel\Intel(R) Management Engine Components\DAL;C:\Program Files (x86)\Intel\Intel(R) Management Engine Components\IPT;C:\Program Files\Intel\Intel(R) Management Engine Components\IPT;C:\Program Files (x86)\GtkSharp\2.12\bin;C:\WINDOWS\System32\OpenSSH;C:\Microsoft VS Code\bin;C:\Program Files\dotnet;C:\Program Files\Microsoft SQL Server\130\Tools\Binn;C:\Program Files\Microsoft SQL Server\Client SDK\ODBC\170\Tools\Binn;C:\Program Files (x86)\IncrediBuild;C:\Program Files\Git\cmd;C:\Users\athavan\AppData\Local\Microsoft\WindowsApps;C:\MinGW\bin;C:\Microsoft VS Code\bin;C:\Users\athavan\AppData\Local\atom\bin;C:\ProgramData\athavan\GitHubDesktop\bin;C:\Users\athavan\AppData\Roaming\Dashlane\6.1931.0.22244\bin\Firefox_Extension\{442718d9-475e-452a-b3e1-fb1ee16b8e9f}\components;C:\Users\athavan\AppData\Roaming\Dashlane\6.1931.0.22244\ucrt;C:\Users\athavan\AppData\Roaming\Dashlane\6.1931.0.22244\bin\Qt;C:\Users\athavan\AppData\Roaming\Dashlane\6.1931.0.22244\bin\Ssl;C:\Users\athavan\.dotnet\tools;%USERPROFILE%\AppData\Local\Microsoft\WindowsApps
USERNAME=athavan
DISPLAY=:0.0
OS=Windows_NT
PROCESSOR_IDENTIFIER=Intel64 Family 6 Model 78 Stepping 3, GenuineIntel



---------------  S Y S T E M  ---------------

OS: Windows 10 , 64 bit Build 18362 (10.0.18362.959)

CPU:total 4 (initial active 4) (2 cores per cpu, 2 threads per core) family 6 model 78 stepping 3, cmov, cx8, fxsr, mmx, sse, sse2, sse3, ssse3, sse4.1, sse4.2, popcnt, avx, avx2, aes, clmul, erms, 3dnowpref, lzcnt, ht, tsc, tscinvbit, bmi1, bmi2, adx, fma

Memory: 4k page, system-wide physical 8030M (236M free)
TotalPageFile size 15530M (AvailPageFile size 108M)
current process WorkingSet (physical memory assigned to process): 9M, peak: 9M
current process commit charge ("private bytes"): 51M, peak: 177M

vm_info: OpenJDK 64-Bit Server VM (11.0.6+8-b765.40) for windows-amd64 JRE (11.0.6+8-b765.40), built on Apr 20 2020 14:37:21 by "" with MS VC++ 14.0 (VS2015)

END.
